Copyright 1986-2015 Xilinx, Inc. All Rights Reserved.
-----------------------------------------------------------------------------------------
| Tool Version      : Vivado v.2015.2 (win64) Build 1266856 Fri Jun 26 16:35:25 MDT 2015
| Date              : Wed Dec 02 07:50:28 2015
| Host              : ThunderV2 running 64-bit major release  (build 9200)
| Command           : report_clock_utilization -file top_clock_utilization_routed.rpt
| Design            : top
| Device            : 7a100t-csg324
| Speed File        : -1  PRODUCTION 1.14 2014-09-11
| Temperature Grade : C
-----------------------------------------------------------------------------------------

Clock Utilization Report

Table of Contents
-----------------
1. Clock Primitive Utilization
2. Details of Global Clocks
3. Details of Regional Clocks
4. Details of Multi-Regional Clocks
5. Details of I/O Clocks
6. Details of Local Clocks
7. Clock Regions : Key Resource Utilization
8. Net wise resources used in clock region X0Y1
9. Net wise resources used in clock region X1Y1
10. Net wise resources used in clock region X0Y2
11. Net wise resources used in clock region X1Y2
12. Net wise resources used in clock region X0Y3
13. Net wise resources used in clock region X1Y3

1. Clock Primitive Utilization
------------------------------

+-------+------+-----------+-----------+
| Type  | Used | Available | Num Fixed |
+-------+------+-----------+-----------+
| BUFG  |    3 |        32 |         0 |
| BUFH  |    0 |        96 |         0 |
| BUFIO |    0 |        24 |         0 |
| MMCM  |    1 |         6 |         0 |
| PLL   |    0 |         6 |         0 |
| BUFR  |    0 |        24 |         0 |
| BUFMR |    0 |        12 |         0 |
+-------+------+-----------+-----------+


2. Details of Global Clocks
---------------------------

+-------+-------------------+------------------+--------------+-------+
|       |                   |                  |   Num Loads  |       |
+-------+-------------------+------------------+------+-------+-------+
| Index | BUFG Cell         | Net Name         | BELs | Sites | Fixed |
+-------+-------------------+------------------+------+-------+-------+
|     1 | clockdiv/bufclkfb | clockdiv/clkfbin |    1 |     1 |    no |
|     2 | clockdiv/buf100   | clockdiv/clk100  |   84 |    32 |    no |
|     3 | clockdiv/buf12    | clockdiv/clk12   | 4380 |  1099 |    no |
+-------+-------------------+------------------+------+-------+-------+


+-------+-----------------------+---------------------------+------------------+--------------+-------+
|       |                       |           BUFHCE          |                  |   Num Loads  |       |
+-------+-----------------------+------------+--------------+------------------+------+-------+-------+
| Index | Src of Rt-thru BUFHCE | Clk-Region | Site         | Net Name         | BELs | Sites | Fixed |
+-------+-----------------------+------------+--------------+------------------+------+-------+-------+
|     1 | clockdiv/mmcm         | X1Y2       | BUFHCE_X1Y34 | clockdiv/clkout0 |    4 |     2 |    no |
+-------+-----------------------+------------+--------------+------------------+------+-------+-------+


+-------+---------------+-------------------+--------------+-------+
|       |               |                   |   Num Loads  |       |
+-------+---------------+-------------------+------+-------+-------+
| Index | MMCM Cell     | Net Name          | BELs | Sites | Fixed |
+-------+---------------+-------------------+------+-------+-------+
|     1 | clockdiv/mmcm | clockdiv/clkfbout |    1 |     1 |    no |
|     2 | clockdiv/mmcm | clockdiv/clkout3  |    1 |     1 |    no |
|     3 | clockdiv/mmcm | clockdiv/clkout0  |    4 |     2 |    no |
+-------+---------------+-------------------+------+-------+-------+


3. Details of Regional Clocks
-----------------------------

4. Details of Multi-Regional Clocks
-----------------------------------

5. Details of I/O Clocks
------------------------

6. Details of Local Clocks
--------------------------

7. Clock Regions : Key Resource Utilization
-------------------------------------------

+-------------------+--------------+--------------+--------------+--------------+--------------+--------------+--------------+--------------+--------------+--------------+--------------+--------------+--------------+--------------+--------------+
|                   | Global Clock |     BUFRs    |    BUFMRs    |    BUFIOs    |     MMCM     |      PLL     |      GT      |      PCI     |    ILOGIC    |    OLOGIC    |      FF      |     LUTM     |    RAMB18    |    RAMB36    |    DSP48E1   |
+-------------------+------+-------+------+-------+------+-------+------+-------+------+-------+------+-------+------+-------+------+-------+------+-------+------+-------+------+-------+------+-------+------+-------+------+-------+------+-------+
| Clock Region Name | Used | Avail | Used | Avail | Used | Avail | Used | Avail | Used | Avail | Used | Avail | Used | Avail | Used | Avail | Used | Avail | Used | Avail | Used | Avail | Used | Avail | Used | Avail | Used | Avail | Used | Avail |
+-------------------+------+-------+------+-------+------+-------+------+-------+------+-------+------+-------+------+-------+------+-------+------+-------+------+-------+------+-------+------+-------+------+-------+------+-------+------+-------+
| X0Y0              |    0 |    12 |    0 |     4 |    0 |     2 |    0 |     4 |    0 |     1 |    0 |     1 |    0 |     0 |    0 |     0 |    0 |    50 |    0 |    50 |    0 | 20800 |    0 |  2400 |    0 |    20 |    0 |    10 |    0 |    20 |
| X1Y0              |    0 |    12 |    0 |     0 |    0 |     0 |    0 |     0 |    0 |     0 |    0 |     0 |    0 |     5 |    0 |     0 |    0 |     0 |    0 |     0 |    0 | 12000 |    0 |  2200 |    0 |    40 |    0 |    20 |    0 |    40 |
| X0Y1              |    1 |    12 |    0 |     4 |    0 |     2 |    0 |     4 |    0 |     1 |    0 |     1 |    0 |     0 |    0 |     0 |    0 |    50 |    0 |    50 |    0 | 16000 |  152 |  2400 |    0 |    20 |    0 |    10 |    0 |    20 |
| X1Y1              |    1 |    12 |    0 |     4 |    0 |     2 |    0 |     4 |    0 |     1 |    0 |     1 |    0 |     0 |    0 |     0 |    0 |    50 |    0 |    50 |    0 | 15200 |  392 |  2600 |    0 |    60 |    0 |    30 |    0 |    40 |
| X0Y2              |    2 |    12 |    0 |     4 |    0 |     2 |    0 |     4 |    0 |     1 |    0 |     1 |    0 |     0 |    0 |     0 |    0 |    50 |    0 |    50 |   51 | 16000 | 1204 |  2400 |    0 |    20 |    0 |    10 |    0 |    20 |
| X1Y2              |    3 |    12 |    0 |     4 |    0 |     2 |    0 |     4 |    1 |     1 |    0 |     1 |    0 |     0 |    0 |     0 |    0 |    50 |    0 |    50 |   68 | 15200 | 1748 |  2600 |    0 |    60 |    0 |    30 |    0 |    40 |
| X0Y3              |    1 |    12 |    0 |     4 |    0 |     2 |    0 |     4 |    0 |     1 |    0 |     1 |    0 |     0 |    0 |     0 |    0 |    50 |    0 |    50 |    0 | 20800 |  288 |  2400 |    0 |    20 |    0 |    10 |    0 |    20 |
| X1Y3              |    1 |    12 |    0 |     0 |    0 |     0 |    0 |     0 |    0 |     0 |    0 |     0 |    0 |     5 |    0 |     1 |    0 |     0 |    0 |     0 |    0 | 10800 |  564 |  2000 |    0 |    30 |    0 |    15 |    0 |    40 |
+-------------------+------+-------+------+-------+------+-------+------+-------+------+-------+------+-------+------+-------+------+-------+------+-------+------+-------+------+-------+------+-------+------+-------+------+-------+------+-------+
* RAMB36 site can be used as two RAMB18/FIFO18 sites.


8. Net wise resources used in clock region X0Y1
-----------------------------------------------

+-------------+--------------+-------+-----------+----------+---------+-----------+---------+---------+-----+-------+----------+----------------+
| Source Type | BUFHCE Site  | Fixed | MMCM Pins | PLL Pins | GT Pins | BRAM Pins | ILOGICs | OLOGICs | FFs | LUTMs | DSP48E1s | Clock Net Name |
+-------------+--------------+-------+-----------+----------+---------+-----------+---------+---------+-----+-------+----------+----------------+
| BUFGCTRL    | BUFHCE_X0Y20 |   no  |         0 |        0 |       0 |         0 |       0 |       0 |   0 |   152 |        0 | clockdiv/clk12 |
+-------------+--------------+-------+-----------+----------+---------+-----------+---------+---------+-----+-------+----------+----------------+


9. Net wise resources used in clock region X1Y1
-----------------------------------------------

+-------------+--------------+-------+-----------+----------+---------+-----------+---------+---------+-----+-------+----------+----------------+
| Source Type | BUFHCE Site  | Fixed | MMCM Pins | PLL Pins | GT Pins | BRAM Pins | ILOGICs | OLOGICs | FFs | LUTMs | DSP48E1s | Clock Net Name |
+-------------+--------------+-------+-----------+----------+---------+-----------+---------+---------+-----+-------+----------+----------------+
| BUFGCTRL    | BUFHCE_X1Y20 |   no  |         0 |        0 |       0 |         0 |       0 |       0 |   0 |   392 |        0 | clockdiv/clk12 |
+-------------+--------------+-------+-----------+----------+---------+-----------+---------+---------+-----+-------+----------+----------------+


10. Net wise resources used in clock region X0Y2
------------------------------------------------

+-------------+--------------+-------+-----------+----------+---------+-----------+---------+---------+-----+-------+----------+-----------------+
| Source Type | BUFHCE Site  | Fixed | MMCM Pins | PLL Pins | GT Pins | BRAM Pins | ILOGICs | OLOGICs | FFs | LUTMs | DSP48E1s |  Clock Net Name |
+-------------+--------------+-------+-----------+----------+---------+-----------+---------+---------+-----+-------+----------+-----------------+
| BUFGCTRL    | BUFHCE_X0Y33 |   no  |         0 |        0 |       0 |         0 |       0 |       0 |  22 |     0 |        0 | clockdiv/clk100 |
| BUFGCTRL    | BUFHCE_X0Y32 |   no  |         0 |        0 |       0 |         0 |       0 |       0 |  29 |  1204 |        0 | clockdiv/clk12  |
+-------------+--------------+-------+-----------+----------+---------+-----------+---------+---------+-----+-------+----------+-----------------+


11. Net wise resources used in clock region X1Y2
------------------------------------------------

+-------------+--------------+-------+-----------+----------+---------+-----------+---------+---------+-----+-------+----------+------------------+
| Source Type | BUFHCE Site  | Fixed | MMCM Pins | PLL Pins | GT Pins | BRAM Pins | ILOGICs | OLOGICs | FFs | LUTMs | DSP48E1s |  Clock Net Name  |
+-------------+--------------+-------+-----------+----------+---------+-----------+---------+---------+-----+-------+----------+------------------+
| BUFG        | BUFHCE_X1Y24 |   no  |         1 |        0 |       0 |         0 |       0 |       0 |   0 |     0 |        0 | clockdiv/clkfbin |
| BUFGCTRL    | BUFHCE_X1Y32 |   no  |         0 |        0 |       0 |         0 |       0 |       0 |   3 |  1748 |        0 | clockdiv/clk12   |
| BUFGCTRL    | BUFHCE_X1Y33 |   no  |         0 |        0 |       0 |         0 |       0 |       0 |  62 |     0 |        0 | clockdiv/clk100  |
+-------------+--------------+-------+-----------+----------+---------+-----------+---------+---------+-----+-------+----------+------------------+


12. Net wise resources used in clock region X0Y3
------------------------------------------------

+-------------+--------------+-------+-----------+----------+---------+-----------+---------+---------+-----+-------+----------+----------------+
| Source Type | BUFHCE Site  | Fixed | MMCM Pins | PLL Pins | GT Pins | BRAM Pins | ILOGICs | OLOGICs | FFs | LUTMs | DSP48E1s | Clock Net Name |
+-------------+--------------+-------+-----------+----------+---------+-----------+---------+---------+-----+-------+----------+----------------+
| BUFGCTRL    | BUFHCE_X0Y44 |   no  |         0 |        0 |       0 |         0 |       0 |       0 |   0 |   288 |        0 | clockdiv/clk12 |
+-------------+--------------+-------+-----------+----------+---------+-----------+---------+---------+-----+-------+----------+----------------+


13. Net wise resources used in clock region X1Y3
------------------------------------------------

+-------------+--------------+-------+-----------+----------+---------+-----------+---------+---------+-----+-------+----------+----------------+
| Source Type | BUFHCE Site  | Fixed | MMCM Pins | PLL Pins | GT Pins | BRAM Pins | ILOGICs | OLOGICs | FFs | LUTMs | DSP48E1s | Clock Net Name |
+-------------+--------------+-------+-----------+----------+---------+-----------+---------+---------+-----+-------+----------+----------------+
| BUFGCTRL    | BUFHCE_X1Y44 |   no  |         0 |        0 |       0 |         0 |       0 |       0 |   0 |   564 |        0 | clockdiv/clk12 |
+-------------+--------------+-------+-----------+----------+---------+-----------+---------+---------+-----+-------+----------+----------------+



# Location of BUFG Primitives 
set_property LOC BUFGCTRL_X0Y17 [get_cells clockdiv/buf100]
set_property LOC BUFGCTRL_X0Y16 [get_cells clockdiv/buf12]
set_property LOC BUFGCTRL_X0Y18 [get_cells clockdiv/bufclkfb]

# Location of IO Clock Primitives

# Location of MMCM Clock Primitives
set_property LOC MMCME2_ADV_X1Y2 [get_cells clockdiv/mmcm]

# Location of BUFH Clock Primitives

# Location of BUFR Clock Primitives

# Location of BUFMR Clock Primitives

# Location of PLL Clock Primitives

# Location of IO Primitives which is load of clock spine

# Location of clock ports
set_property LOC IOB_X1Y126 [get_ports clk]

# Clock net "clockdiv/clk100" driven by instance "clockdiv/buf100" located at site "BUFGCTRL_X0Y17"
#startgroup
create_pblock {CLKAG_clockdiv/clk100}
add_cells_to_pblock [get_pblocks  {CLKAG_clockdiv/clk100}] [get_cells -filter { PRIMITIVE_GROUP != I/O && IS_PRIMITIVE==1 && PRIMITIVE_LEVEL !=INTERNAL } -of_object [get_pins -filter {DIRECTION==IN} -of_objects [get_nets -hierarchical -filter {PARENT=="clockdiv/clk100"}]]]
resize_pblock [get_pblocks {CLKAG_clockdiv/clk100}] -add {CLOCKREGION_X0Y2:CLOCKREGION_X0Y2 CLOCKREGION_X1Y2:CLOCKREGION_X1Y2}
#endgroup

# Clock net "clockdiv/clk12" driven by instance "clockdiv/buf12" located at site "BUFGCTRL_X0Y16"
#startgroup
create_pblock {CLKAG_clockdiv/clk12}
add_cells_to_pblock [get_pblocks  {CLKAG_clockdiv/clk12}] [get_cells -filter { PRIMITIVE_GROUP != I/O && IS_PRIMITIVE==1 && PRIMITIVE_LEVEL !=INTERNAL } -of_object [get_pins -filter {DIRECTION==IN} -of_objects [get_nets -hierarchical -filter {PARENT=="clockdiv/clk12"}]]]
resize_pblock [get_pblocks {CLKAG_clockdiv/clk12}] -add {CLOCKREGION_X0Y1:CLOCKREGION_X0Y1 CLOCKREGION_X0Y2:CLOCKREGION_X0Y2 CLOCKREGION_X0Y3:CLOCKREGION_X0Y3 CLOCKREGION_X1Y1:CLOCKREGION_X1Y1 CLOCKREGION_X1Y2:CLOCKREGION_X1Y2 CLOCKREGION_X1Y3:CLOCKREGION_X1Y3}
#endgroup

# Clock net "clockdiv/clkout0" driven by instance "clockdiv/mmcm" located at site "MMCME2_ADV_X1Y2"
#startgroup
create_pblock {CLKAG_clockdiv/clkout0}
add_cells_to_pblock [get_pblocks  {CLKAG_clockdiv/clkout0}] [get_cells -filter { PRIMITIVE_GROUP != I/O && IS_PRIMITIVE==1 && PRIMITIVE_LEVEL !=INTERNAL && NAME!=clockdiv/buf100} -of_object [get_pins -filter {DIRECTION==IN} -of_objects [get_nets -hierarchical -filter {PARENT=="clockdiv/clkout0"}]]]
resize_pblock [get_pblocks {CLKAG_clockdiv/clkout0}] -add {CLOCKREGION_X1Y2:CLOCKREGION_X1Y2}
#endgroup

# Clock net "clockdiv/clkout0" driven by instance "clockdiv/mmcm" located at site "MMCME2_ADV_X1Y2"
#startgroup
create_pblock {CLKAG_clockdiv/clkout0}
add_cells_to_pblock [get_pblocks  {CLKAG_clockdiv/clkout0}] [get_cells -filter { PRIMITIVE_GROUP != I/O && IS_PRIMITIVE==1 && PRIMITIVE_LEVEL !=INTERNAL && NAME!=clockdiv/buf100} -of_object [get_pins -filter {DIRECTION==IN} -of_objects [get_nets -hierarchical -filter {PARENT=="clockdiv/clkout0"}]]]
resize_pblock [get_pblocks {CLKAG_clockdiv/clkout0}] -add {CLOCKREGION_X1Y2:CLOCKREGION_X1Y2}
#endgroup
